2019/11/01 12:20:50 Starting Go...

   ____    __
  / __/___/ /  ___
 / _// __/ _ \/ _ \
/___/\__/_//_/\___/ v4.1.11
High performance, minimalist Go web framework
https://echo.labstack.com
____________________________________O/_______
                                    O\
⇨ http server started on [::]:9093
{"time":"2019-11-01T12:27:41.853546301+07:00","id":"","remote_ip":"::1","host":"localhost:9093","method":"GET","uri":"/api/v1/lookup/uepkube?val=koba","user_agent":"Mozilla/5.0 (X11; Linux i686) AppleWebKit/537.36 (KHTML, like Gecko) Ubuntu Chromium/75.0.3770.90 Chrome/75.0.3770.90 Safari/537.36","status":200,"error":"","latency":6234633,"latency_human":"6.234633ms","bytes_in":0,"bytes_out":392}
{"time":"2019-11-01T12:27:42.819286659+07:00","id":"","remote_ip":"::1","host":"localhost:9093","method":"GET","uri":"/api/v1/lookup/uepkube?val=koba","user_agent":"Mozilla/5.0 (X11; Linux i686) AppleWebKit/537.36 (KHTML, like Gecko) Ubuntu Chromium/75.0.3770.90 Chrome/75.0.3770.90 Safari/537.36","status":200,"error":"","latency":7122086,"latency_human":"7.122086ms","bytes_in":0,"bytes_out":392}
{"time":"2019-11-01T12:27:53.169052428+07:00","id":"","remote_ip":"::1","host":"localhost:9093","method":"GET","uri":"/api/v1/lookup/uepkube?val=koba","user_agent":"Mozilla/5.0 (X11; Linux i686) AppleWebKit/537.36 (KHTML, like Gecko) Ubuntu Chromium/75.0.3770.90 Chrome/75.0.3770.90 Safari/537.36","status":200,"error":"","latency":5127867,"latency_human":"5.127867ms","bytes_in":0,"bytes_out":392}
{"time":"2019-11-01T12:27:55.710597756+07:00","id":"","remote_ip":"::1","host":"localhost:9093","method":"GET","uri":"/api/v1/lookup/uepkube?val=koba","user_agent":"Mozilla/5.0 (X11; Linux i686) AppleWebKit/537.36 (KHTML, like Gecko) Ubuntu Chromium/75.0.3770.90 Chrome/75.0.3770.90 Safari/537.36","status":200,"error":"","latency":5415033,"latency_human":"5.415033ms","bytes_in":0,"bytes_out":392}

   ____    __
  / __/___/ /  ___
 / _// __/ _ \/ _ \
/___/\__/_//_/\___/ v4.1.11
High performance, minimalist Go web framework
https://echo.labstack.com
____________________________________O/_______
                                    O\
⇨ http server started on [::]:9093
{"time":"2019-11-01T12:30:05.903143297+07:00","level":"ERROR","prefix":"echo","file":"helpErr.go","line":"31","message":"code=404, message=Not Found, internal=<nil>"}
{"time":"2019-11-01T12:30:05.90318034+07:00","id":"","remote_ip":"::1","host":"localhost:9093","method":"GET","uri":"/api/v1/lookup/uepkube?val=12","user_agent":"Mozilla/5.0 (X11; Linux i686) AppleWebKit/537.36 (KHTML, like Gecko) Ubuntu Chromium/75.0.3770.90 Chrome/75.0.3770.90 Safari/537.36","status":404,"error":"code=404, message=Not Found, internal=\u003cnil\u003e","latency":4224527,"latency_human":"4.224527ms","bytes_in":0,"bytes_out":85}
{"time":"2019-11-01T12:30:06.219257765+07:00","level":"ERROR","prefix":"echo","file":"helpErr.go","line":"31","message":"code=404, message=Not Found, internal=<nil>"}
{"time":"2019-11-01T12:30:06.219284343+07:00","id":"","remote_ip":"::1","host":"localhost:9093","method":"GET","uri":"/api/v1/lookup/uepkube?val=12","user_agent":"Mozilla/5.0 (X11; Linux i686) AppleWebKit/537.36 (KHTML, like Gecko) Ubuntu Chromium/75.0.3770.90 Chrome/75.0.3770.90 Safari/537.36","status":404,"error":"code=404, message=Not Found, internal=\u003cnil\u003e","latency":1032935,"latency_human":"1.032935ms","bytes_in":0,"bytes_out":85}

   ____    __
  / __/___/ /  ___
 / _// __/ _ \/ _ \
/___/\__/_//_/\___/ v4.1.11
High performance, minimalist Go web framework
https://echo.labstack.com
____________________________________O/_______
                                    O\
⇨ http server started on [::]:9093
2019-11-01T12:31:40+07:00 ERROR code=404, message=Not Found, internal=<nil>
{"time":"2019-11-01T12:31:40.58115233+07:00","id":"","remote_ip":"::1","host":"localhost:9093","method":"GET","uri":"/api/v1/lookup/uepkube?val=12","user_agent":"Mozilla/5.0 (X11; Linux i686) AppleWebKit/537.36 (KHTML, like Gecko) Ubuntu Chromium/75.0.3770.90 Chrome/75.0.3770.90 Safari/537.36","status":404,"error":"code=404, message=Not Found, internal=\u003cnil\u003e","latency":1142712,"latency_human":"1.142712ms","bytes_in":0,"bytes_out":85}

   ____    __
  / __/___/ /  ___
 / _// __/ _ \/ _ \
/___/\__/_//_/\___/ v4.1.11
High performance, minimalist Go web framework
https://echo.labstack.com
____________________________________O/_______
                                    O\
⇨ http server started on [::]:9093
{"time":"2019-11-02T22:03:41.01522021+07:00","id":"","remote_ip":"::1","host":"localhost:9093","method":"GET","uri":"/swagger-api/index.html","user_agent":"Mozilla/5.0 (X11; Linux i686) AppleWebKit/537.36 (KHTML, like Gecko) Ubuntu Chromium/75.0.3770.90 Chrome/75.0.3770.90 Safari/537.36","status":200,"error":"","latency":239674,"latency_human":"239.674µs","bytes_in":0,"bytes_out":0}
{"time":"2019-11-02T22:03:41.162515344+07:00","id":"","remote_ip":"::1","host":"localhost:9093","method":"GET","uri":"/swagger-api/swagger-ui.css","user_agent":"Mozilla/5.0 (X11; Linux i686) AppleWebKit/537.36 (KHTML, like Gecko) Ubuntu Chromium/75.0.3770.90 Chrome/75.0.3770.90 Safari/537.36","status":200,"error":"","latency":110363963,"latency_human":"110.363963ms","bytes_in":0,"bytes_out":0}
{"time":"2019-11-02T22:03:41.162760427+07:00","id":"","remote_ip":"::1","host":"localhost:9093","method":"GET","uri":"/swagger-api/swagger-ui-standalone-preset.js","user_agent":"Mozilla/5.0 (X11; Linux i686) AppleWebKit/537.36 (KHTML, like Gecko) Ubuntu Chromium/75.0.3770.90 Chrome/75.0.3770.90 Safari/537.36","status":200,"error":"","latency":110135499,"latency_human":"110.135499ms","bytes_in":0,"bytes_out":0}
{"time":"2019-11-02T22:03:41.163039283+07:00","id":"","remote_ip":"::1","host":"localhost:9093","method":"GET","uri":"/swagger-api/swagger-ui-bundle.js","user_agent":"Mozilla/5.0 (X11; Linux i686) AppleWebKit/537.36 (KHTML, like Gecko) Ubuntu Chromium/75.0.3770.90 Chrome/75.0.3770.90 Safari/537.36","status":200,"error":"","latency":110504753,"latency_human":"110.504753ms","bytes_in":0,"bytes_out":0}
{"time":"2019-11-02T22:03:41.510406227+07:00","id":"","remote_ip":"::1","host":"localhost:9093","method":"GET","uri":"/swagger-api/doc.json","user_agent":"Mozilla/5.0 (X11; Linux i686) AppleWebKit/537.36 (KHTML, like Gecko) Ubuntu Chromium/75.0.3770.90 Chrome/75.0.3770.90 Safari/537.36","status":200,"error":"","latency":2650955,"latency_human":"2.650955ms","bytes_in":0,"bytes_out":73166}
{"time":"2019-11-02T22:04:59.050297979+07:00","level":"ERROR","prefix":"echo","file":"helpErr.go","line":"31","message":"code=405, message=Method Not Allowed, internal=<nil>"}
{"time":"2019-11-02T22:04:59.050345711+07:00","id":"","remote_ip":"::1","host":"localhost:9093","method":"POST","uri":"/api/v1/produk","user_agent":"Mozilla/5.0 (X11; Linux i686) AppleWebKit/537.36 (KHTML, like Gecko) Ubuntu Chromium/75.0.3770.90 Chrome/75.0.3770.90 Safari/537.36","status":405,"error":"code=405, message=Method Not Allowed, internal=\u003cnil\u003e","latency":223907,"latency_human":"223.907µs","bytes_in":188,"bytes_out":94}

   ____    __
  / __/___/ /  ___
 / _// __/ _ \/ _ \
/___/\__/_//_/\___/ v4.1.11
High performance, minimalist Go web framework
https://echo.labstack.com
____________________________________O/_______
                                    O\
⇨ http server started on [::]:9093
{"time":"2019-11-02T22:10:05.479447432+07:00","level":"ERROR","prefix":"echo","file":"helpErr.go","line":"31","message":"code=405, message=Method Not Allowed, internal=<nil>"}
{"time":"2019-11-02T22:10:05.479486821+07:00","id":"","remote_ip":"::1","host":"localhost:9093","method":"POST","uri":"/api/v1/produk","user_agent":"Mozilla/5.0 (X11; Linux i686) AppleWebKit/537.36 (KHTML, like Gecko) Ubuntu Chromium/75.0.3770.90 Chrome/75.0.3770.90 Safari/537.36","status":405,"error":"code=405, message=Method Not Allowed, internal=\u003cnil\u003e","latency":180042,"latency_human":"180.042µs","bytes_in":188,"bytes_out":94}

   ____    __
  / __/___/ /  ___
 / _// __/ _ \/ _ \
/___/\__/_//_/\___/ v4.1.11
High performance, minimalist Go web framework
https://echo.labstack.com
____________________________________O/_______
                                    O\
⇨ http server started on [::]:9093
2019-12-20T16:02:23+07:00 ERROR code=400, message=Unauthorized, missing or malformed jwt, internal=<nil>
{"time":"2019-12-20T16:02:23.321425187+07:00","id":"","remote_ip":"::1","host":"localhost:9093","method":"POST","uri":"/api/v1/add/uep","user_agent":"Mozilla/5.0 (X11; Linux i686) AppleWebKit/537.36 (KHTML, like Gecko) Ubuntu Chromium/75.0.3770.90 Chrome/75.0.3770.90 Safari/537.36","status":400,"error":"code=400, message=Unauthorized, missing or malformed jwt, internal=\u003cnil\u003e","latency":224578,"latency_human":"224.578µs","bytes_in":411,"bytes_out":114}
2019-12-20T16:02:48+07:00 ERROR code=500, message=Internal Server Error, internal=<nil>
{"time":"2019-12-20T16:02:48.935482016+07:00","id":"","remote_ip":"::1","host":"localhost:9093","method":"POST","uri":"/api/v1/add/uep","user_agent":"Mozilla/5.0 (X11; Linux i686) AppleWebKit/537.36 (KHTML, like Gecko) Ubuntu Chromium/75.0.3770.90 Chrome/75.0.3770.90 Safari/537.36","status":500,"error":"code=500, message=Internal Server Error, internal=\u003cnil\u003e","latency":79123398,"latency_human":"79.123398ms","bytes_in":411,"bytes_out":97}

   ____    __
  / __/___/ /  ___
 / _// __/ _ \/ _ \
/___/\__/_//_/\___/ v4.1.11
High performance, minimalist Go web framework
https://echo.labstack.com
____________________________________O/_______
                                    O\
⇨ http server started on [::]:9093
2019-12-20T16:17:01+07:00 ERROR code=500, message=Internal Server Error, internal=<nil>
{"time":"2019-12-20T16:17:01.817685093+07:00","id":"","remote_ip":"::1","host":"localhost:9093","method":"POST","uri":"/api/v1/add/uep","user_agent":"Mozilla/5.0 (X11; Linux i686) AppleWebKit/537.36 (KHTML, like Gecko) Ubuntu Chromium/75.0.3770.90 Chrome/75.0.3770.90 Safari/537.36","status":500,"error":"code=500, message=Internal Server Error, internal=\u003cnil\u003e","latency":510400832,"latency_human":"510.400832ms","bytes_in":411,"bytes_out":97}
{"time":"2019-12-20T16:18:08.204350846+07:00","id":"","remote_ip":"::1","host":"localhost:9093","method":"GET","uri":"/api/v1/lookup/pendamping","user_agent":"Mozilla/5.0 (X11; Linux i686) AppleWebKit/537.36 (KHTML, like Gecko) Ubuntu Chromium/75.0.3770.90 Chrome/75.0.3770.90 Safari/537.36","status":200,"error":"","latency":105707667,"latency_human":"105.707667ms","bytes_in":0,"bytes_out":15821}

   ____    __
  / __/___/ /  ___
 / _// __/ _ \/ _ \
/___/\__/_//_/\___/ v4.1.11
High performance, minimalist Go web framework
https://echo.labstack.com
____________________________________O/_______
                                    O\
⇨ http server started on [::]:9093
2019-12-20T16:20:05+07:00 ERROR code=400, message=Maaf NIK sudah digunakan, internal=<nil>
{"time":"2019-12-20T16:20:05.194376364+07:00","id":"","remote_ip":"::1","host":"localhost:9093","method":"POST","uri":"/api/v1/add/uep","user_agent":"Mozilla/5.0 (X11; Linux i686) AppleWebKit/537.36 (KHTML, like Gecko) Ubuntu Chromium/75.0.3770.90 Chrome/75.0.3770.90 Safari/537.36","status":400,"error":"code=400, message=Maaf NIK sudah digunakan, internal=\u003cnil\u003e","latency":2218067,"latency_human":"2.218067ms","bytes_in":411,"bytes_out":100}

   ____    __
  / __/___/ /  ___
 / _// __/ _ \/ _ \
/___/\__/_//_/\___/ v4.1.11
High performance, minimalist Go web framework
https://echo.labstack.com
____________________________________O/_______
                                    O\
⇨ http server started on [::]:9093
2019-12-20T16:21:40+07:00 ERROR code=400, message=Maaf id_pendamping tidak ada ditemukan, internal=<nil>
{"time":"2019-12-20T16:21:40.31161967+07:00","id":"","remote_ip":"::1","host":"localhost:9093","method":"POST","uri":"/api/v1/add/uep","user_agent":"Mozilla/5.0 (X11; Linux i686) AppleWebKit/537.36 (KHTML, like Gecko) Ubuntu Chromium/75.0.3770.90 Chrome/75.0.3770.90 Safari/537.36","status":400,"error":"code=400, message=Maaf id_pendamping tidak ada ditemukan, internal=\u003cnil\u003e","latency":36013725,"latency_human":"36.013725ms","bytes_in":411,"bytes_out":114}

   ____    __
  / __/___/ /  ___
 / _// __/ _ \/ _ \
/___/\__/_//_/\___/ v4.1.11
High performance, minimalist Go web framework
https://echo.labstack.com
____________________________________O/_______
                                    O\
⇨ http server started on [::]:9093
{"time":"2019-12-20T16:21:57.169146187+07:00","id":"","remote_ip":"::1","host":"localhost:9093","method":"POST","uri":"/api/v1/add/uep","user_agent":"Mozilla/5.0 (X11; Linux i686) AppleWebKit/537.36 (KHTML, like Gecko) Ubuntu Chromium/75.0.3770.90 Chrome/75.0.3770.90 Safari/537.36","status":200,"error":"","latency":419804783,"latency_human":"419.804783ms","bytes_in":410,"bytes_out":47}
2019-12-21T07:32:53+07:00 - Hello World

   ____    __
  / __/___/ /  ___
 / _// __/ _ \/ _ \
/___/\__/_//_/\___/ v4.1.11
High performance, minimalist Go web framework
https://echo.labstack.com
____________________________________O/_______
                                    O\
⇨ http server started on [::]:9093

   ____    __
  / __/___/ /  ___
 / _// __/ _ \/ _ \
/___/\__/_//_/\___/ v4.1.11
High performance, minimalist Go web framework
https://echo.labstack.com
____________________________________O/_______
                                    O\
⇨ http server started on [::]:9093

   ____    __
  / __/___/ /  ___
 / _// __/ _ \/ _ \
/___/\__/_//_/\___/ v4.1.11
High performance, minimalist Go web framework
https://echo.labstack.com
____________________________________O/_______
                                    O\
⇨ http server started on [::]:9093

   ____    __
  / __/___/ /  ___
 / _// __/ _ \/ _ \
/___/\__/_//_/\___/ v4.1.11
High performance, minimalist Go web framework
https://echo.labstack.com
____________________________________O/_______
                                    O\
⇨ http server started on [::]:9093
2019-12-21T10:18:56+07:00 ERROR code=400, message=Maaf NIK sudah digunakan, internal=<nil>
{"time":"2019-12-21T10:18:56.961950119+07:00","id":"","remote_ip":"::1","host":"localhost:9093","method":"POST","uri":"/api/v1/add/uep","user_agent":"Mozilla/5.0 (X11; Linux i686) AppleWebKit/537.36 (KHTML, like Gecko) Ubuntu Chromium/75.0.3770.90 Chrome/75.0.3770.90 Safari/537.36","status":400,"error":"code=400, message=Maaf NIK sudah digunakan, internal=\u003cnil\u003e","latency":27345857,"latency_human":"27.345857ms","bytes_in":409,"bytes_out":100}

   ____    __
  / __/___/ /  ___
 / _// __/ _ \/ _ \
/___/\__/_//_/\___/ v4.1.11
High performance, minimalist Go web framework
https://echo.labstack.com
____________________________________O/_______
                                    O\
⇨ http server started on [::]:9093
2019-12-21T10:19:26+07:00 ERROR code=400, message=Maaf NIK sudah digunakan, internal=<nil>
{"time":"2019-12-21T10:19:26.380411129+07:00","id":"","remote_ip":"::1","host":"localhost:9093","method":"POST","uri":"/api/v1/add/uep","user_agent":"Mozilla/5.0 (X11; Linux i686) AppleWebKit/537.36 (KHTML, like Gecko) Ubuntu Chromium/75.0.3770.90 Chrome/75.0.3770.90 Safari/537.36","status":400,"error":"code=400, message=Maaf NIK sudah digunakan, internal=\u003cnil\u003e","latency":19798639,"latency_human":"19.798639ms","bytes_in":409,"bytes_out":100}

   ____    __
  / __/___/ /  ___
 / _// __/ _ \/ _ \
/___/\__/_//_/\___/ v4.1.11
High performance, minimalist Go web framework
https://echo.labstack.com
____________________________________O/_______
                                    O\
⇨ http server started on [::]:9093
2019-12-21T10:19:49+07:00 ERROR code=400, message=Maaf NIK sudah digunakan, internal=<nil>
{"time":"2019-12-21T10:19:49.570603514+07:00","id":"","remote_ip":"::1","host":"localhost:9093","method":"POST","uri":"/api/v1/add/uep","user_agent":"Mozilla/5.0 (X11; Linux i686) AppleWebKit/537.36 (KHTML, like Gecko) Ubuntu Chromium/75.0.3770.90 Chrome/75.0.3770.90 Safari/537.36","status":400,"error":"code=400, message=Maaf NIK sudah digunakan, internal=\u003cnil\u003e","latency":14994292,"latency_human":"14.994292ms","bytes_in":409,"bytes_out":100}

   ____    __
  / __/___/ /  ___
 / _// __/ _ \/ _ \
/___/\__/_//_/\___/ v4.1.11
High performance, minimalist Go web framework
https://echo.labstack.com
____________________________________O/_______
                                    O\
⇨ http server started on [::]:9093
2019-12-21T10:20:03+07:00 ERROR code=400, message=Maaf NIK sudah digunakan, internal=<nil>
{"time":"2019-12-21T10:20:03.192859147+07:00","id":"","remote_ip":"::1","host":"localhost:9093","method":"POST","uri":"/api/v1/add/uep","user_agent":"Mozilla/5.0 (X11; Linux i686) AppleWebKit/537.36 (KHTML, like Gecko) Ubuntu Chromium/75.0.3770.90 Chrome/75.0.3770.90 Safari/537.36","status":400,"error":"code=400, message=Maaf NIK sudah digunakan, internal=\u003cnil\u003e","latency":19881808,"latency_human":"19.881808ms","bytes_in":409,"bytes_out":100}

   ____    __
  / __/___/ /  ___
 / _// __/ _ \/ _ \
/___/\__/_//_/\___/ v4.1.11
High performance, minimalist Go web framework
https://echo.labstack.com
____________________________________O/_______
                                    O\
⇨ http server started on [::]:9093
2019-12-21T10:22:52+07:00 ERROR code=400, message=Maaf NIK sudah digunakan, internal=<nil>
{"time":"2019-12-21T10:22:52.860612118+07:00","id":"","remote_ip":"::1","host":"localhost:9093","method":"POST","uri":"/api/v1/add/uep","user_agent":"Mozilla/5.0 (X11; Linux i686) AppleWebKit/537.36 (KHTML, like Gecko) Ubuntu Chromium/75.0.3770.90 Chrome/75.0.3770.90 Safari/537.36","status":400,"error":"code=400, message=Maaf NIK sudah digunakan, internal=\u003cnil\u003e","latency":55370880,"latency_human":"55.37088ms","bytes_in":409,"bytes_out":100}

   ____    __
  / __/___/ /  ___
 / _// __/ _ \/ _ \
/___/\__/_//_/\___/ v4.1.11
High performance, minimalist Go web framework
https://echo.labstack.com
____________________________________O/_______
                                    O\
⇨ http server started on [::]:9093
2019-12-21T10:25:22+07:00 ERROR code=400, message=Maaf NIK sudah digunakan, internal=<nil>
{"time":"2019-12-21T10:25:22.170922157+07:00","id":"","remote_ip":"::1","host":"localhost:9093","method":"POST","uri":"/api/v1/add/uep","user_agent":"Mozilla/5.0 (X11; Linux i686) AppleWebKit/537.36 (KHTML, like Gecko) Ubuntu Chromium/75.0.3770.90 Chrome/75.0.3770.90 Safari/537.36","status":400,"error":"code=400, message=Maaf NIK sudah digunakan, internal=\u003cnil\u003e","latency":27550973,"latency_human":"27.550973ms","bytes_in":409,"bytes_out":100}

   ____    __
  / __/___/ /  ___
 / _// __/ _ \/ _ \
/___/\__/_//_/\___/ v4.1.11
High performance, minimalist Go web framework
https://echo.labstack.com
____________________________________O/_______
                                    O\
⇨ http server started on [::]:9093
2019-12-21T10:25:37+07:00 ERROR code=400, message=Maaf NIK sudah digunakan, internal=<nil>
{"time":"2019-12-21T10:25:37.437913416+07:00","id":"","remote_ip":"::1","host":"localhost:9093","method":"POST","uri":"/api/v1/add/uep","user_agent":"Mozilla/5.0 (X11; Linux i686) AppleWebKit/537.36 (KHTML, like Gecko) Ubuntu Chromium/75.0.3770.90 Chrome/75.0.3770.90 Safari/537.36","status":400,"error":"code=400, message=Maaf NIK sudah digunakan, internal=\u003cnil\u003e","latency":16733124,"latency_human":"16.733124ms","bytes_in":409,"bytes_out":100}

   ____    __
  / __/___/ /  ___
 / _// __/ _ \/ _ \
/___/\__/_//_/\___/ v4.1.11
High performance, minimalist Go web framework
https://echo.labstack.com
____________________________________O/_______
                                    O\
⇨ http server started on [::]:9093
{"time":"2019-12-21T11:11:49.287048587+07:00","id":"","remote_ip":"::1","host":"localhost:9093","method":"GET","uri":"/api/v1/uep?id=2","user_agent":"Mozilla/5.0 (X11; Linux i686) AppleWebKit/537.36 (KHTML, like Gecko) Ubuntu Chromium/75.0.3770.90 Chrome/75.0.3770.90 Safari/537.36","status":200,"error":"","latency":160765415,"latency_human":"160.765415ms","bytes_in":0,"bytes_out":1460}

   ____    __
  / __/___/ /  ___
 / _// __/ _ \/ _ \
/___/\__/_//_/\___/ v4.1.11
High performance, minimalist Go web framework
https://echo.labstack.com
____________________________________O/_______
                                    O\
⇨ http server started on [::]:9093
{"time":"2019-12-21T12:14:24.814677522+07:00","id":"","remote_ip":"::1","host":"localhost:9093","method":"POST","uri":"/api/v1/upload/files/uep?id=4&is_display=1","user_agent":"Mozilla/5.0 (X11; Linux i686) AppleWebKit/537.36 (KHTML, like Gecko) Ubuntu Chromium/75.0.3770.90 Chrome/75.0.3770.90 Safari/537.36","status":200,"error":"","latency":703686002,"latency_human":"703.686002ms","bytes_in":79972,"bytes_out":49}

   ____    __
  / __/___/ /  ___
 / _// __/ _ \/ _ \
/___/\__/_//_/\___/ v4.1.11
High performance, minimalist Go web framework
https://echo.labstack.com
____________________________________O/_______
                                    O\
⇨ http server started on [::]:9093
{"time":"2019-12-21T12:21:36.684085723+07:00","id":"","remote_ip":"::1","host":"localhost:9093","method":"GET","uri":"/api/v1/kube?id=2","user_agent":"Mozilla/5.0 (X11; Linux i686) AppleWebKit/537.36 (KHTML, like Gecko) Ubuntu Chromium/75.0.3770.90 Chrome/75.0.3770.90 Safari/537.36","status":200,"error":"","latency":21452129,"latency_human":"21.452129ms","bytes_in":0,"bytes_out":5195}
{"time":"2019-12-21T12:21:46.16320254+07:00","id":"","remote_ip":"::1","host":"localhost:9093","method":"GET","uri":"/api/v1/kube?id=93","user_agent":"Mozilla/5.0 (X11; Linux i686) AppleWebKit/537.36 (KHTML, like Gecko) Ubuntu Chromium/75.0.3770.90 Chrome/75.0.3770.90 Safari/537.36","status":200,"error":"","latency":5443568,"latency_human":"5.443568ms","bytes_in":0,"bytes_out":265}
{"time":"2019-12-21T12:21:50.53539448+07:00","id":"","remote_ip":"::1","host":"localhost:9093","method":"GET","uri":"/api/v1/kube?id=94","user_agent":"Mozilla/5.0 (X11; Linux i686) AppleWebKit/537.36 (KHTML, like Gecko) Ubuntu Chromium/75.0.3770.90 Chrome/75.0.3770.90 Safari/537.36","status":200,"error":"","latency":59012761,"latency_human":"59.012761ms","bytes_in":0,"bytes_out":6367}

   ____    __
  / __/___/ /  ___
 / _// __/ _ \/ _ \
/___/\__/_//_/\___/ v4.1.11
High performance, minimalist Go web framework
https://echo.labstack.com
____________________________________O/_______
                                    O\
⇨ http server started on [::]:9093
2019-12-21T12:25:41+07:00 ERROR code=400, message=Maaf NIK sudah digunakan, internal=<nil>
{"time":"2019-12-21T12:25:41.487202158+07:00","id":"","remote_ip":"::1","host":"localhost:9093","method":"POST","uri":"/api/v1/add/uep","user_agent":"Mozilla/5.0 (X11; Linux i686) AppleWebKit/537.36 (KHTML, like Gecko) Ubuntu Chromium/75.0.3770.90 Chrome/75.0.3770.90 Safari/537.36","status":400,"error":"code=400, message=Maaf NIK sudah digunakan, internal=\u003cnil\u003e","latency":42417689,"latency_human":"42.417689ms","bytes_in":409,"bytes_out":100}

   ____    __
  / __/___/ /  ___
 / _// __/ _ \/ _ \
/___/\__/_//_/\___/ v4.1.11
High performance, minimalist Go web framework
https://echo.labstack.com
____________________________________O/_______
                                    O\
⇨ http server started on [::]:9093
2019-12-21T12:43:22+07:00 ERROR code=400, message=Maaf NIK sudah digunakan, internal=<nil>
{"time":"2019-12-21T12:43:22.434844929+07:00","id":"","remote_ip":"::1","host":"localhost:9093","method":"POST","uri":"/api/v1/add/uep","user_agent":"Mozilla/5.0 (X11; Linux i686) AppleWebKit/537.36 (KHTML, like Gecko) Ubuntu Chromium/75.0.3770.90 Chrome/75.0.3770.90 Safari/537.36","status":400,"error":"code=400, message=Maaf NIK sudah digunakan, internal=\u003cnil\u003e","latency":1248056,"latency_human":"1.248056ms","bytes_in":409,"bytes_out":100}
{"time":"2019-12-21T12:43:43.116882182+07:00","id":"","remote_ip":"::1","host":"localhost:9093","method":"POST","uri":"/api/v1/add/uep","user_agent":"Mozilla/5.0 (X11; Linux i686) AppleWebKit/537.36 (KHTML, like Gecko) Ubuntu Chromium/75.0.3770.90 Chrome/75.0.3770.90 Safari/537.36","status":200,"error":"","latency":684843613,"latency_human":"684.843613ms","bytes_in":409,"bytes_out":57}

   ____    __
  / __/___/ /  ___
 / _// __/ _ \/ _ \
/___/\__/_//_/\___/ v4.1.11
High performance, minimalist Go web framework
https://echo.labstack.com
____________________________________O/_______
                                    O\
⇨ http server started on [::]:9093
{"time":"2019-12-21T13:37:06.347960106+07:00","id":"","remote_ip":"::1","host":"localhost:9093","method":"GET","uri":"/api/v1/kube?id=94","user_agent":"Mozilla/5.0 (X11; Linux i686) AppleWebKit/537.36 (KHTML, like Gecko) Ubuntu Chromium/75.0.3770.90 Chrome/75.0.3770.90 Safari/537.36","status":200,"error":"","latency":10980737,"latency_human":"10.980737ms","bytes_in":0,"bytes_out":6489}

   ____    __
  / __/___/ /  ___
 / _// __/ _ \/ _ \
/___/\__/_//_/\___/ v4.1.11
High performance, minimalist Go web framework
https://echo.labstack.com
____________________________________O/_______
                                    O\
⇨ http server started on [::]:9093
{"time":"2019-12-21T13:39:54.044194218+07:00","id":"","remote_ip":"::1","host":"localhost:9093","method":"GET","uri":"/api/v1/kube?id=94","user_agent":"Mozilla/5.0 (X11; Linux i686) AppleWebKit/537.36 (KHTML, like Gecko) Ubuntu Chromium/75.0.3770.90 Chrome/75.0.3770.90 Safari/537.36","status":200,"error":"","latency":9441494,"latency_human":"9.441494ms","bytes_in":0,"bytes_out":6511}

   ____    __
  / __/___/ /  ___
 / _// __/ _ \/ _ \
/___/\__/_//_/\___/ v4.1.11
High performance, minimalist Go web framework
https://echo.labstack.com
____________________________________O/_______
                                    O\
⇨ http server started on [::]:9093
{"time":"2019-12-21T13:40:39.551683162+07:00","id":"","remote_ip":"::1","host":"localhost:9093","method":"GET","uri":"/api/v1/uep?id=4","user_agent":"Mozilla/5.0 (X11; Linux i686) AppleWebKit/537.36 (KHTML, like Gecko) Ubuntu Chromium/75.0.3770.90 Chrome/75.0.3770.90 Safari/537.36","status":200,"error":"","latency":7343487,"latency_human":"7.343487ms","bytes_in":0,"bytes_out":1922}

   ____    __
  / __/___/ /  ___
 / _// __/ _ \/ _ \
/___/\__/_//_/\___/ v4.1.11
High performance, minimalist Go web framework
https://echo.labstack.com
____________________________________O/_______
                                    O\
⇨ http server started on [::]:9093
{"time":"2019-12-21T13:42:21.538570324+07:00","id":"","remote_ip":"::1","host":"localhost:9093","method":"GET","uri":"/api/v1/uep?id=4","user_agent":"Mozilla/5.0 (X11; Linux i686) AppleWebKit/537.36 (KHTML, like Gecko) Ubuntu Chromium/75.0.3770.90 Chrome/75.0.3770.90 Safari/537.36","status":200,"error":"","latency":8928488,"latency_human":"8.928488ms","bytes_in":0,"bytes_out":108137}

   ____    __
  / __/___/ /  ___
 / _// __/ _ \/ _ \
/___/\__/_//_/\___/ v4.1.11
High performance, minimalist Go web framework
https://echo.labstack.com
____________________________________O/_______
                                    O\
⇨ http server started on [::]:9093
2019-12-21T13:49:40+07:00 ERROR code=400, message=Maaf NIK sudah digunakan, internal=<nil>
{"time":"2019-12-21T13:49:40.58317765+07:00","id":"","remote_ip":"::1","host":"localhost:9093","method":"POST","uri":"/api/v1/add/uep","user_agent":"Mozilla/5.0 (X11; Linux i686) AppleWebKit/537.36 (KHTML, like Gecko) Ubuntu Chromium/75.0.3770.90 Chrome/75.0.3770.90 Safari/537.36","status":400,"error":"code=400, message=Maaf NIK sudah digunakan, internal=\u003cnil\u003e","latency":1952953,"latency_human":"1.952953ms","bytes_in":409,"bytes_out":100}
{"time":"2019-12-21T13:49:52.706081182+07:00","id":"","remote_ip":"::1","host":"localhost:9093","method":"POST","uri":"/api/v1/add/uep","user_agent":"Mozilla/5.0 (X11; Linux i686) AppleWebKit/537.36 (KHTML, like Gecko) Ubuntu Chromium/75.0.3770.90 Chrome/75.0.3770.90 Safari/537.36","status":200,"error":"","latency":409976371,"latency_human":"409.976371ms","bytes_in":409,"bytes_out":57}

   ____    __
  / __/___/ /  ___
 / _// __/ _ \/ _ \
/___/\__/_//_/\___/ v4.1.11
High performance, minimalist Go web framework
https://echo.labstack.com
____________________________________O/_______
                                    O\
⇨ http server started on [::]:9093
2019-12-21T13:53:08+07:00 ERROR code=400, message=please, fill id, internal=<nil>
{"time":"2019-12-21T13:53:08.339894939+07:00","id":"","remote_ip":"::1","host":"localhost:9093","method":"PUT","uri":"/api/v1/uep","user_agent":"Mozilla/5.0 (X11; Linux i686) AppleWebKit/537.36 (KHTML, like Gecko) Ubuntu Chromium/75.0.3770.90 Chrome/75.0.3770.90 Safari/537.36","status":400,"error":"code=400, message=please, fill id, internal=\u003cnil\u003e","latency":619100,"latency_human":"619.1µs","bytes_in":410,"bytes_out":91}

   ____    __
  / __/___/ /  ___
 / _// __/ _ \/ _ \
/___/\__/_//_/\___/ v4.1.11
High performance, minimalist Go web framework
https://echo.labstack.com
____________________________________O/_______
                                    O\
⇨ http server started on [::]:9093
2019-12-21T13:54:12+07:00 ERROR code=400, message=Syntax error: offset=13, error=invalid character ',' looking for beginning of value, internal=invalid character ',' looking for beginning of value
{"time":"2019-12-21T13:54:12.235995082+07:00","id":"","remote_ip":"::1","host":"localhost:9093","method":"PUT","uri":"/api/v1/uep","user_agent":"Mozilla/5.0 (X11; Linux i686) AppleWebKit/537.36 (KHTML, like Gecko) Ubuntu Chromium/75.0.3770.90 Chrome/75.0.3770.90 Safari/537.36","status":400,"error":"code=400, message=Syntax error: offset=13, error=invalid character ',' looking for beginning of value, internal=invalid character ',' looking for beginning of value","latency":405713,"latency_human":"405.713µs","bytes_in":422,"bytes_out":159}
2019-12-21T13:54:20+07:00 ERROR code=400, message=please, fill id_user, internal=<nil>
{"time":"2019-12-21T13:54:20.333961452+07:00","id":"","remote_ip":"::1","host":"localhost:9093","method":"PUT","uri":"/api/v1/uep","user_agent":"Mozilla/5.0 (X11; Linux i686) AppleWebKit/537.36 (KHTML, like Gecko) Ubuntu Chromium/75.0.3770.90 Chrome/75.0.3770.90 Safari/537.36","status":400,"error":"code=400, message=please, fill id_user, internal=\u003cnil\u003e","latency":462229,"latency_human":"462.229µs","bytes_in":423,"bytes_out":96}
{"time":"2019-12-21T13:54:29.212558156+07:00","id":"","remote_ip":"::1","host":"localhost:9093","method":"PUT","uri":"/api/v1/uep","user_agent":"Mozilla/5.0 (X11; Linux i686) AppleWebKit/537.36 (KHTML, like Gecko) Ubuntu Chromium/75.0.3770.90 Chrome/75.0.3770.90 Safari/537.36","status":200,"error":"","latency":266696549,"latency_human":"266.696549ms","bytes_in":426,"bytes_out":55}

   ____    __
  / __/___/ /  ___
 / _// __/ _ \/ _ \
/___/\__/_//_/\___/ v4.1.11
High performance, minimalist Go web framework
https://echo.labstack.com
____________________________________O/_______
                                    O\
⇨ http server started on [::]:9093

   ____    __
  / __/___/ /  ___
 / _// __/ _ \/ _ \
/___/\__/_//_/\___/ v4.1.11
High performance, minimalist Go web framework
https://echo.labstack.com
____________________________________O/_______
                                    O\
⇨ http server started on [::]:9093
{"time":"2019-12-21T14:03:54.610180567+07:00","id":"","remote_ip":"::1","host":"localhost:9093","method":"PUT","uri":"/api/v1/uep","user_agent":"Mozilla/5.0 (X11; Linux i686) AppleWebKit/537.36 (KHTML, like Gecko) Ubuntu Chromium/75.0.3770.90 Chrome/75.0.3770.90 Safari/537.36","status":200,"error":"","latency":138718705,"latency_human":"138.718705ms","bytes_in":426,"bytes_out":55}

   ____    __
  / __/___/ /  ___
 / _// __/ _ \/ _ \
/___/\__/_//_/\___/ v4.1.11
High performance, minimalist Go web framework
https://echo.labstack.com
____________________________________O/_______
                                    O\
⇨ http server started on [::]:9093
{"time":"2019-12-21T14:05:29.817738902+07:00","id":"","remote_ip":"::1","host":"localhost:9093","method":"PUT","uri":"/api/v1/uep","user_agent":"Mozilla/5.0 (X11; Linux i686) AppleWebKit/537.36 (KHTML, like Gecko) Ubuntu Chromium/75.0.3770.90 Chrome/75.0.3770.90 Safari/537.36","status":200,"error":"","latency":4814193,"latency_human":"4.814193ms","bytes_in":426,"bytes_out":55}
{"time":"2019-12-21T14:05:53.335277018+07:00","id":"","remote_ip":"::1","host":"localhost:9093","method":"PUT","uri":"/api/v1/uep","user_agent":"Mozilla/5.0 (X11; Linux i686) AppleWebKit/537.36 (KHTML, like Gecko) Ubuntu Chromium/75.0.3770.90 Chrome/75.0.3770.90 Safari/537.36","status":200,"error":"","latency":159648977,"latency_human":"159.648977ms","bytes_in":428,"bytes_out":55}

   ____    __
  / __/___/ /  ___
 / _// __/ _ \/ _ \
/___/\__/_//_/\___/ v4.1.11
High performance, minimalist Go web framework
https://echo.labstack.com
____________________________________O/_______
                                    O\
⇨ http server started on [::]:9093
{"time":"2019-12-21T14:08:05.465092393+07:00","id":"","remote_ip":"::1","host":"localhost:9093","method":"PUT","uri":"/api/v1/uep","user_agent":"Mozilla/5.0 (X11; Linux i686) AppleWebKit/537.36 (KHTML, like Gecko) Ubuntu Chromium/75.0.3770.90 Chrome/75.0.3770.90 Safari/537.36","status":200,"error":"","latency":3937519,"latency_human":"3.937519ms","bytes_in":428,"bytes_out":55}
{"time":"2019-12-21T14:19:56.869132987+07:00","id":"","remote_ip":"::1","host":"localhost:9093","method":"PUT","uri":"/api/v1/uep","user_agent":"Mozilla/5.0 (X11; Linux i686) AppleWebKit/537.36 (KHTML, like Gecko) Ubuntu Chromium/75.0.3770.90 Chrome/75.0.3770.90 Safari/537.36","status":200,"error":"","latency":91267564,"latency_human":"91.267564ms","bytes_in":428,"bytes_out":55}

   ____    __
  / __/___/ /  ___
 / _// __/ _ \/ _ \
/___/\__/_//_/\___/ v4.1.11
High performance, minimalist Go web framework
https://echo.labstack.com
____________________________________O/_______
                                    O\
⇨ http server started on [::]:9093
2019-12-21T14:27:32+07:00 - [PANIC RECOVER] runtime error: invalid memory address or nil pointer dereference goroutine 21 [running]:
github.com/labstack/echo/middleware.RecoverWithConfig.func1.1.1(0x86451e8, 0x1000, 0x0, 0x86fe8e0, 0xb496370)
	/home/unknown/go/src/github.com/labstack/echo/middleware/recover.go:71 +0xaa
panic(0x8591980, 0x936c828)
	/snap/go/4896/src/runtime/panic.go:679 +0x16b
uepkube-api/controllers.UpdateUep(0x86fe8e0, 0xb496370, 0x0, 0x0)
	/home/unknown/go/src/uepkube-api/controllers/contUep.go:235 +0x86
uepkube-api/controllers.UpdateItems(0x86fe8e0, 0xb496370, 0x8607542, 0x6)
	/home/unknown/go/src/uepkube-api/controllers/contItems.go:193 +0x21e
uepkube-api/middlewares.CheckAllRoles.func1(0x86fe8e0, 0xb496370, 0x4, 0x8593500)
	/home/unknown/go/src/uepkube-api/middlewares/midAll.go:22 +0x13f
github.com/labstack/echo/middleware.JWTWithConfig.func2.1(0x86fe8e0, 0xb496370, 0x0, 0x855ae80)
	/home/unknown/go/src/github.com/labstack/echo/middleware/jwt.go:207 +0x28a
github.com/labstack/echo.(*Echo).add.func1(0x86fe8e0, 0xb496370, 0x8616d84, 0x1b)
	/home/unknown/go/src/github.com/labstack/echo/echo.go:505 +0x66
github.com/labstack/echo/middleware.CORSWithConfig.func1.1(0x86fe8e0, 0xb496370, 0x0, 0x77dfee0)
	/home/unknown/go/src/github.com/labstack/echo/middleware/cors.go:121 +0x376
github.com/labstack/echo/middleware.RecoverWithConfig.func1.1(0x86fe8e0, 0xb496370, 0x0, 0x0)
	/home/unknown/go/src/github.com/labstack/echo/middleware/recover.go:78 +0xc4
github.com/labstack/echo/middleware.LoggerWithConfig.func2.1(0x86fe8e0, 0xb496370, 0x0, 0x0)
	/home/unknown/go/src/github.com/labstack/echo/middleware/logger.go:117 +0xdb
github.com/labstack/echo.(*Echo).ServeHTTP(0xc0c77a0, 0x86f6cc0, 0xb49a1b0, 0xb4bc180)
	/home/unknown/go/src/github.com/labstack/echo/echo.go:616 +0x202
net/http.serverHandler.ServeHTTP(0xc0e6a20, 0x86f6cc0, 0xb49a1b0, 0xb4bc180)
	/snap/go/4896/src/net/http/server.go:2802 +0x84
net/http.(*conn).serve(0xb54a2a0, 0x86f7a80, 0xb54e0c0)
	/snap/go/4896/src/net/http/server.go:1890 +0x7ad
created by net/http.(*Server).Serve
	/snap/go/4896/src/net/http/server.go:2928 +0x30d

goroutine 1 [IO wait]:
internal/poll.runtime_pollWait(0xa56c7040, 0x72, 0x0)
	/snap/go/4896/src/runtime/netpoll.go:184 +0x4b
internal/poll.(*pollDesc).wait(0xb496974, 0x72, 0x0, 0x0, 0x86088be)
	/snap/go/4896/src/internal/poll/fd_poll_runtime.go:87 +0x37
internal/poll.(*pollDesc).waitRead(...)
	/snap/go/4896/src/internal/poll/fd_poll_runtime.go:92
internal/poll.(*FD).Accept(0xb496960, 0x0, 0x0, 0x0, 0x0, 0x0, 0x0, 0x0)
	/snap/go/4896/src/internal/poll/fd_unix.go:384 +0x19a
net.(*netFD).accept(0xb496960, 0x0, 0x80f7d2f, 0x5dfdc964)
	/snap/go/4896/src/net/fd_unix.go:238 +0x27
net.(*TCPListener).accept(0xc0bed90, 0x51, 0xb54a2a0, 0x77b2c68)
	/snap/go/4896/src/net/tcpsock_posix.go:139 +0x27
net.(*TCPListener).AcceptTCP(0xc0bed90, 0x0, 0x0, 0xb443e78)
	/snap/go/4896/src/net/tcpsock.go:248 +0x3c
github.com/labstack/echo.tcpKeepAliveListener.Accept(0xc0bed90, 0xfdc96400, 0x807b99d, 0xb443df8, 0xb4000e0)
	/home/unknown/go/src/github.com/labstack/echo/echo.go:821 +0x25
net/http.(*Server).Serve(0xc0e6a20, 0x86f64a0, 0xc0dec68, 0x0, 0x0)
	/snap/go/4896/src/net/http/server.go:2896 +0x22b
github.com/labstack/echo.(*Echo).StartServer(0xc0c77a0, 0xc0e6a20, 0x1, 0x1b6)
	/home/unknown/go/src/github.com/labstack/echo/echo.go:707 +0x2a6
github.com/labstack/echo.(*Echo).Start(...)
	/home/unknown/go/src/github.com/labstack/echo/echo.go:627
main.main()
	/home/unknown/go/src/uepkube-api/main.go:44 +0x1cc

goroutine 22 [runnable]:
net/http.(*connReader).backgroundRead(0xb54e0e0)
	/snap/go/4896/src/net/http/server.go:676
created by net/http.(*connReader).startBackgroundRead
	/snap/go/4896/src/net/http/server.go:673 +0xae


2019-12-21T14:27:32+07:00 ERROR runtime error: invalid memory address or nil pointer dereference
{"time":"2019-12-21T14:27:32.126481311+07:00","id":"","remote_ip":"::1","host":"localhost:9093","method":"PUT","uri":"/api/v1/uep","user_agent":"Mozilla/5.0 (X11; Linux i686) AppleWebKit/537.36 (KHTML, like Gecko) Ubuntu Chromium/75.0.3770.90 Chrome/75.0.3770.90 Safari/537.36","status":500,"error":"","latency":780552,"latency_human":"780.552µs","bytes_in":45,"bytes_out":76}
{"time":"2019-12-21T14:27:40.375155634+07:00","id":"","remote_ip":"::1","host":"localhost:9093","method":"PUT","uri":"/api/v1/kube","user_agent":"Mozilla/5.0 (X11; Linux i686) AppleWebKit/537.36 (KHTML, like Gecko) Ubuntu Chromium/75.0.3770.90 Chrome/75.0.3770.90 Safari/537.36","status":200,"error":"","latency":144780901,"latency_human":"144.780901ms","bytes_in":45,"bytes_out":55}

   ____    __
  / __/___/ /  ___
 / _// __/ _ \/ _ \
/___/\__/_//_/\___/ v4.1.11
High performance, minimalist Go web framework
https://echo.labstack.com
____________________________________O/_______
                                    O\
⇨ http server started on [::]:9093
{"time":"2019-12-21T14:31:11.442138942+07:00","id":"","remote_ip":"::1","host":"localhost:9093","method":"PUT","uri":"/api/v1/kube","user_agent":"Mozilla/5.0 (X11; Linux i686) AppleWebKit/537.36 (KHTML, like Gecko) Ubuntu Chromium/75.0.3770.90 Chrome/75.0.3770.90 Safari/537.36","status":200,"error":"","latency":4108339,"latency_human":"4.108339ms","bytes_in":45,"bytes_out":55}
{"time":"2019-12-21T14:31:18.543645552+07:00","id":"","remote_ip":"::1","host":"localhost:9093","method":"PUT","uri":"/api/v1/kube","user_agent":"Mozilla/5.0 (X11; Linux i686) AppleWebKit/537.36 (KHTML, like Gecko) Ubuntu Chromium/75.0.3770.90 Chrome/75.0.3770.90 Safari/537.36","status":200,"error":"","latency":2491626,"latency_human":"2.491626ms","bytes_in":45,"bytes_out":55}

   ____    __
  / __/___/ /  ___
 / _// __/ _ \/ _ \
/___/\__/_//_/\___/ v4.1.11
High performance, minimalist Go web framework
https://echo.labstack.com
____________________________________O/_______
                                    O\
⇨ http server started on [::]:9093
{"time":"2019-12-21T14:41:06.607104621+07:00","id":"","remote_ip":"::1","host":"localhost:9093","method":"PUT","uri":"/api/v1/kube","user_agent":"Mozilla/5.0 (X11; Linux i686) AppleWebKit/537.36 (KHTML, like Gecko) Ubuntu Chromium/75.0.3770.90 Chrome/75.0.3770.90 Safari/537.36","status":200,"error":"","latency":899926117,"latency_human":"899.926117ms","bytes_in":83,"bytes_out":55}

   ____    __
  / __/___/ /  ___
 / _// __/ _ \/ _ \
/___/\__/_//_/\___/ v4.1.11
High performance, minimalist Go web framework
https://echo.labstack.com
____________________________________O/_______
                                    O\
⇨ http server started on [::]:9093
{"time":"2019-12-21T14:41:59.071133644+07:00","id":"","remote_ip":"::1","host":"localhost:9093","method":"GET","uri":"/api/v1/uep?id=4","user_agent":"Mozilla/5.0 (X11; Linux i686) AppleWebKit/537.36 (KHTML, like Gecko) Ubuntu Chromium/75.0.3770.90 Chrome/75.0.3770.90 Safari/537.36","status":200,"error":"","latency":487496421,"latency_human":"487.496421ms","bytes_in":0,"bytes_out":108137}

   ____    __
  / __/___/ /  ___
 / _// __/ _ \/ _ \
/___/\__/_//_/\___/ v4.1.11
High performance, minimalist Go web framework
https://echo.labstack.com
____________________________________O/_______
                                    O\
⇨ http server started on [::]:9093

   ____    __
  / __/___/ /  ___
 / _// __/ _ \/ _ \
/___/\__/_//_/\___/ v4.1.11
High performance, minimalist Go web framework
https://echo.labstack.com
____________________________________O/_______
                                    O\
⇨ http server started on [::]:9093

   ____    __
  / __/___/ /  ___
 / _// __/ _ \/ _ \
/___/\__/_//_/\___/ v4.1.11
High performance, minimalist Go web framework
https://echo.labstack.com
____________________________________O/_______
                                    O\
⇨ http server started on [::]:9093
{"time":"2019-12-21T14:57:23.008256761+07:00","id":"","remote_ip":"::1","host":"localhost:9093","method":"GET","uri":"/api/v1/uep?id=4","user_agent":"Mozilla/5.0 (X11; Linux i686) AppleWebKit/537.36 (KHTML, like Gecko) Ubuntu Chromium/75.0.3770.90 Chrome/75.0.3770.90 Safari/537.36","status":200,"error":"","latency":43352319,"latency_human":"43.352319ms","bytes_in":0,"bytes_out":1088}

   ____    __
  / __/___/ /  ___
 / _// __/ _ \/ _ \
/___/\__/_//_/\___/ v4.1.11
High performance, minimalist Go web framework
https://echo.labstack.com
____________________________________O/_______
                                    O\
⇨ http server started on [::]:9093
{"time":"2019-12-21T14:58:18.632738468+07:00","id":"","remote_ip":"::1","host":"localhost:9093","method":"GET","uri":"/api/v1/uep?id=4","user_agent":"Mozilla/5.0 (X11; Linux i686) AppleWebKit/537.36 (KHTML, like Gecko) Ubuntu Chromium/75.0.3770.90 Chrome/75.0.3770.90 Safari/537.36","status":200,"error":"","latency":61311657,"latency_human":"61.311657ms","bytes_in":0,"bytes_out":108138}
{"time":"2019-12-21T14:58:28.285423471+07:00","id":"","remote_ip":"::1","host":"localhost:9093","method":"GET","uri":"/api/v1/kube?id=94","user_agent":"Mozilla/5.0 (X11; Linux i686) AppleWebKit/537.36 (KHTML, like Gecko) Ubuntu Chromium/75.0.3770.90 Chrome/75.0.3770.90 Safari/537.36","status":200,"error":"","latency":174642158,"latency_human":"174.642158ms","bytes_in":0,"bytes_out":6513}
